<?xml version="1.0" encoding="UTF-8"?>
<testsuites name="jest tests" tests="1" failures="1" errors="0" time="3.756">
  <testsuite name="ProjectFlashcards - persistence" errors="0" failures="1" skipped="0" timestamp="2025-09-18T10:21:47" time="3.17" tests="1">
    <testcase classname="ProjectFlashcards - persistence" name="stores activeProjectId on load" time="1.161">
      <failure>Error: expect(jest.fn()).toHaveBeenCalledWith(...expected)

Expected: &quot;activeProjectId&quot;, &quot;203062be-58d0-4f98-bbd4-33b4ce081276&quot;

Number of calls: 0

Ignored nodes: comments, script, style
&lt;html&gt;
  &lt;head /&gt;
  &lt;body&gt;
    &lt;div&gt;
      &lt;div
        class=&quot;relative min-h-screen&quot;
      &gt;
        &lt;div
          class=&quot;space-y-3&quot;
        &gt;
          &lt;div
            class=&quot;flex items-center text-sm text-gray-600 mt-2&quot;
          &gt;
            &lt;a
              class=&quot;hover:text-emerald-600&quot;
              href=&quot;/projects&quot;
            &gt;
              Projects
            &lt;/a&gt;
            &lt;svg
              class=&quot;lucide lucide-chevron-right mx-2&quot;
              fill=&quot;none&quot;
              height=&quot;16&quot;
              stroke=&quot;currentColor&quot;
              stroke-linecap=&quot;round&quot;
              stroke-linejoin=&quot;round&quot;
              stroke-width=&quot;2&quot;
              viewBox=&quot;0 0 24 24&quot;
              width=&quot;16&quot;
              xmlns=&quot;http://www.w3.org/2000/svg&quot;
            &gt;
              &lt;path
                d=&quot;m9 18 6-6-6-6&quot;
              /&gt;
            &lt;/svg&gt;
            &lt;a
              class=&quot;hover:text-emerald-600&quot;
              href=&quot;/projects/203062be-58d0-4f98-bbd4-33b4ce081276&quot;
            &gt;
              Project
            &lt;/a&gt;
            &lt;svg
              class=&quot;lucide lucide-chevron-right mx-2&quot;
              fill=&quot;none&quot;
              height=&quot;16&quot;
              stroke=&quot;currentColor&quot;
              stroke-linecap=&quot;round&quot;
              stroke-linejoin=&quot;round&quot;
              stroke-width=&quot;2&quot;
              viewBox=&quot;0 0 24 24&quot;
              width=&quot;16&quot;
              xmlns=&quot;http://www.w3.org/2000/svg&quot;
            &gt;
              &lt;path
                d=&quot;m9 18 6-6-6-6&quot;
              /&gt;
            &lt;/svg&gt;
            &lt;span
              class=&quot;font-medium text-gray-900&quot;
            &gt;
              Flashcards
            &lt;/span&gt;
          &lt;/div&gt;
          &lt;div
            class=&quot;text-center py-6 &quot;
          &gt;
            &lt;div
              class=&quot;flex items-center justify-center gap-4 mb-2&quot;
            &gt;
              &lt;div
                class=&quot;p-3 rounded-xl bg-gradient-to-r from-blue-400 to-purple-600 shadow-lg&quot;
              &gt;
                &lt;svg
                  class=&quot;lucide lucide-brain h-8 w-8 text-white&quot;
                  fill=&quot;none&quot;
                  height=&quot;24&quot;
                  stroke=&quot;currentColor&quot;
                  stroke-linecap=&quot;round&quot;
                  stroke-linejoin=&quot;round&quot;
                  stroke-width=&quot;2&quot;
                  viewBox=&quot;0 0 24 24&quot;
                  width=&quot;24&quot;
                  xmlns=&quot;http://www.w3.org/2000/svg&quot;
                &gt;
                  &lt;path
                    d=&quot;M12 5a3 3 0 1 0-5.997.125 4 4 0 0 0-2.526 5.77 4 4 0 0 0 .556 6.588A4 4 0 1 0 12 18Z&quot;
                  /&gt;
                  &lt;path
                    d=&quot;M12 5a3 3 0 1 1 5.997.125 4 4 0 0 1 2.526 5.77 4 4 0 0 1-.556 6.588A4 4 0 1 1 12 18Z&quot;
                  /&gt;
                  &lt;path
                    d=&quot;M15 13a4.5 4.5 0 0 1-3-4 4.5 4.5 0 0 1-3 4&quot;
                  /&gt;
                  &lt;path
                    d=&quot;M17.599 6.5a3 3 0 0 0 .399-1.375&quot;
                  /&gt;
                  &lt;path
                    d=&quot;M6.003 5.125A3 3 0 0 0 6.401 6.5&quot;
                  /&gt;
                  &lt;path
                    d=&quot;M3.477 10.896a4 4 0 0 1 .585-.396&quot;
                  /&gt;
                  &lt;path
                    d=&quot;M19.938 10.5a4 4 0 0 1 .585.396&quot;
                  /&gt;
                  &lt;path
                    d=&quot;M6 18a4 4 0 0 1-1.967-.516&quot;
                  /&gt;
                  &lt;path
                    d=&quot;M19.967 17.484A4 4 0 0 1 18 18&quot;
                  /&gt;
                &lt;/svg&gt;
              &lt;/div&gt;
              &lt;h1
                class=&quot;text-3xl font-bold text-slate-900&quot;
              &gt;
                Project Flashcards
              &lt;/h1&gt;
            &lt;/div&gt;
            &lt;p
              class=&quot;text-slate-600 text-lg&quot;
            &gt;
              Master your knowledge with interactive learning
            &lt;/p&gt;
          &lt;/div&gt;
          &lt;div
            class=&quot;space-y-6&quot;
          &gt;
            &lt;div
              class=&quot;grid grid-cols-1 md:grid-cols-2 gap-6&quot;
            &gt;
              &lt;div
                class=&quot;rounded-xl border shadow bg-gradient-to-br from-blue-500 to-blue-700 text-white overflow-hidden relative group hover:shadow-xl transition-all duration-300&quot;
              &gt;
                &lt;div
                  class=&quot;absolute inset-0 bg-gradient-to-br from-blue-600/20 to-blue-800/20 opacity-0 group-hover:opacity-100 transition-opacity duration-300&quot;
                /&gt;
                &lt;div
                  class=&quot;p-8 relative z-10&quot;
                &gt;
                  &lt;div
                    class=&quot;text-center space-y-4&quot;
                  &gt;
                    &lt;div
                      class=&quot;flex justify-center&quot;
                    &gt;
                      &lt;div
                        class=&quot;p-4 rounded-2xl bg-white/20 backdrop-blur-sm&quot;
                      &gt;
                        &lt;svg
                          class=&quot;lucide lucide-play h-8 w-8 text-white&quot;
         ...
    at toHaveBeenCalledWith (/Users/jacobhornsvennevik/Documents/GitHub/maRepo_root/frontend/src/app/projects/[projectId]/flashcards/__tests__/page-persist.test.tsx:35:23)
    at runWithExpensiveErrorDiagnosticsDisabled (/Users/jacobhornsvennevik/Documents/GitHub/maRepo_root/frontend/node_modules/@testing-library/react/node_modules/@testing-library/dom/dist/config.js:47:12)
    at checkCallback (/Users/jacobhornsvennevik/Documents/GitHub/maRepo_root/frontend/node_modules/@testing-library/react/node_modules/@testing-library/dom/dist/wait-for.js:124:77)
    at checkRealTimersCallback (/Users/jacobhornsvennevik/Documents/GitHub/maRepo_root/frontend/node_modules/@testing-library/react/node_modules/@testing-library/dom/dist/wait-for.js:118:16)
    at Timeout.task [as _onTimeout] (/Users/jacobhornsvennevik/Documents/GitHub/maRepo_root/frontend/node_modules/jsdom/lib/jsdom/browser/Window.js:520:19)
    at listOnTimeout (node:internal/timers:608:17)
    at processTimers (node:internal/timers:543:7)</failure>
    </testcase>
  </testsuite>
</testsuites>