<?xml version="1.0" encoding="UTF-8"?>
<testsuites name="jest tests" tests="12" failures="6" errors="0" time="27.436">
  <testsuite name="LoginForm" errors="0" failures="6" skipped="0" timestamp="2025-09-18T04:41:40" time="26.834" tests="12">
    <testcase classname="LoginForm › Rendering" name="renders login form with all required elements" time="0.155">
    </testcase>
    <testcase classname="LoginForm › Rendering" name="renders with proper accessibility attributes" time="0.011">
    </testcase>
    <testcase classname="LoginForm › Authentication Flow" name="handles successful login" time="5.384">
      <failure>Error: expect(jest.fn()).toHaveBeenCalledWith(...expected)

Expected: &quot;/token/&quot;, {&quot;email&quot;: &quot;test@example.com&quot;, &quot;password&quot;: &quot;password123&quot;}

Number of calls: 0

Ignored nodes: comments, script, style
&lt;html&gt;
  &lt;head&gt;
    &lt;link
      as=&quot;image&quot;
      imagesizes=&quot;100vw&quot;
      imagesrcset=&quot;/_next/image?url=%2Fimages%2Fseashore.jpg&amp;w=640&amp;q=75 640w, /_next/image?url=%2Fimages%2Fseashore.jpg&amp;w=750&amp;q=75 750w, /_next/image?url=%2Fimages%2Fseashore.jpg&amp;w=828&amp;q=75 828w, /_next/image?url=%2Fimages%2Fseashore.jpg&amp;w=1080&amp;q=75 1080w, /_next/image?url=%2Fimages%2Fseashore.jpg&amp;w=1200&amp;q=75 1200w, /_next/image?url=%2Fimages%2Fseashore.jpg&amp;w=1920&amp;q=75 1920w, /_next/image?url=%2Fimages%2Fseashore.jpg&amp;w=2048&amp;q=75 2048w, /_next/image?url=%2Fimages%2Fseashore.jpg&amp;w=3840&amp;q=75 3840w&quot;
      rel=&quot;preload&quot;
    /&gt;
  &lt;/head&gt;
  &lt;body&gt;
    &lt;div&gt;
      &lt;div
        class=&quot;flex flex-col gap-6&quot;
        data-testid=&quot;login-form&quot;
      &gt;
        &lt;div
          class=&quot;text-card-foreground overflow-hidden border-0 shadow-2xl bg-white/90 backdrop-blur-sm rounded-2xl&quot;
        &gt;
          &lt;div
            class=&quot;p-6 pt-0 grid md:grid-cols-2 gap-0 !p-0&quot;
          &gt;
            &lt;div
              class=&quot;p-8 flex flex-col justify-center bg-slate-50/80&quot;
            &gt;
              &lt;div
                class=&quot;max-w-sm mx-auto w-full space-y-6&quot;
              &gt;
                &lt;div
                  class=&quot;text-center space-y-2&quot;
                &gt;
                  &lt;h1
                    class=&quot;text-3xl font-medium text-slate-900&quot;
                  &gt;
                    Dive into learning
                  &lt;/h1&gt;
                  &lt;p
                    class=&quot;text-slate-600&quot;
                  &gt;
                    Sign in to your YesYes account
                  &lt;/p&gt;
                &lt;/div&gt;
                &lt;div
                  class=&quot;relative w-full rounded-lg border p-4 [&amp;&gt;svg~*]:pl-7 [&amp;&gt;svg+div]:translate-y-[-3px] [&amp;&gt;svg]:absolute [&amp;&gt;svg]:left-4 [&amp;&gt;svg]:top-4 border-destructive/50 text-destructive dark:border-destructive [&amp;&gt;svg]:text-destructive&quot;
                  role=&quot;alert&quot;
                &gt;
                  &lt;div
                    class=&quot;text-sm [&amp;_p]:leading-relaxed&quot;
                  &gt;
                    Cannot read properties of undefined (reading &apos;data&apos;)
                  &lt;/div&gt;
                &lt;/div&gt;
                &lt;form
                  class=&quot;space-y-6&quot;
                &gt;
                  &lt;div
                    class=&quot;space-y-2&quot;
                  &gt;
                    &lt;label
                      class=&quot;font-medium peer-disabled:cursor-not-allowed peer-disabled:opacity-70 text-sm text-slate-700&quot;
                      for=&quot;email&quot;
                    &gt;
                      Email address
                    &lt;/label&gt;
                    &lt;input
                      autocomplete=&quot;off&quot;
                      class=&quot;flex w-full rounded-md shadow-sm transition-colors file:border-0 file:bg-transparent file:text-sm file:font-medium file:text-foreground placeholder:text-muted-foreground focus-visible:outline-none focus-visible:ring-1 focus-visible:ring-ring disabled:cursor-not-allowed disabled:opacity-50 md:text-sm h-11 px-3 py-2 text-base bg-white border border-slate-200 focus:border-emerald-400 focus:ring-emerald-400&quot;
                      id=&quot;email&quot;
                      name=&quot;email&quot;
                      placeholder=&quot;you@example.com&quot;
                      type=&quot;email&quot;
                    /&gt;
                  &lt;/div&gt;
                  &lt;div
                    class=&quot;space-y-2&quot;
                  &gt;
                    &lt;div
                      class=&quot;flex items-center justify-between&quot;
                    &gt;
                      &lt;label
                        class=&quot;font-medium peer-disabled:cursor-not-allowed peer-disabled:opacity-70 text-sm text-slate-700&quot;
                        for=&quot;password&quot;
                      &gt;
                        Password
                      &lt;/label&gt;
                    &lt;/div&gt;
                    &lt;input
                      autocomplete=&quot;off&quot;
                      class=&quot;flex w-full rounded-md shadow-sm transition-colors file:border-0 file:bg-transparent file:text-sm file:font-medium file:text-foreground placeholder:text-muted-foreground focus-visible:outline-none focus-visible:ring-1 focus-visible:ring-ring disabled:cursor-not-allowed disabled:opacity-50 md:text-sm h-11 px-3 py-2 text-base bg-white border border-slate-200 focus:border-emerald-400 focus:ring-emerald-400&quot;
                      id=&quot;password&quot;
                      name=&quot;password&quot;
                      type=&quot;password&quot;
                    /&gt;
                  &lt;/div&gt;
                  &lt;button
                    class=&quot;inline-flex items-center justify-center gap-2 whitespace-nowrap rounded-md text-sm transition-colors focus-visible:outline-none focus-visible:ring-1 focus-visible:ring-ring disabled:pointer-events-none disabled:opacity-50 [&amp;_svg]:pointer-events-none [&amp;_svg]:size-4 [&amp;_svg]:shrink-0 shadow px-4 py-2 w-full h-11 bg-emerald-600 hover:bg-emerald-700 text-white font-medium&quot;
                    type=&quot;submit&quot;
                  &gt;
                    Sign in
                  &lt;/button&gt;
                &lt;/form&gt;
                &lt;div
                  class=&quot;relative&quot;
                &gt;
                  &lt;div
                    class=&quot;absolute inset-0 flex items-center&quot;
                  &gt;
                    &lt;div
                      class=&quot;w-full border-t border-slate-200&quot;
                    /&gt;
                  &lt;/div&gt;
                  &lt;div
                    class=&quot;relative flex justify-center text-sm&quot;
                  &gt;
                    &lt;span
                      class=&quot;px-...
    at toHaveBeenCalledWith (/Users/jacobhornsvennevik/Documents/GitHub/maRepo_root/frontend/src/app/(auth)/components/__tests__/LoginForm-modular.test.tsx:122:36)
    at runWithExpensiveErrorDiagnosticsDisabled (/Users/jacobhornsvennevik/Documents/GitHub/maRepo_root/frontend/node_modules/@testing-library/react/node_modules/@testing-library/dom/dist/config.js:47:12)
    at checkCallback (/Users/jacobhornsvennevik/Documents/GitHub/maRepo_root/frontend/node_modules/@testing-library/react/node_modules/@testing-library/dom/dist/wait-for.js:124:77)
    at checkRealTimersCallback (/Users/jacobhornsvennevik/Documents/GitHub/maRepo_root/frontend/node_modules/@testing-library/react/node_modules/@testing-library/dom/dist/wait-for.js:118:16)
    at Timeout.task [as _onTimeout] (/Users/jacobhornsvennevik/Documents/GitHub/maRepo_root/frontend/node_modules/jsdom/lib/jsdom/browser/Window.js:520:19)
    at listOnTimeout (node:internal/timers:608:17)
    at processTimers (node:internal/timers:543:7)</failure>
    </testcase>
    <testcase classname="LoginForm › Authentication Flow" name="handles login error" time="3.154">
      <failure>Error: Unable to find an element with the text: /invalid credentials/i. This could be because the text is broken up by multiple elements. In this case, you can provide a function for your text matcher to make your matcher more flexible.

Ignored nodes: comments, script, style
&lt;body&gt;
  &lt;div&gt;
    &lt;div
      class=&quot;flex flex-col gap-6&quot;
      data-testid=&quot;login-form&quot;
    &gt;
      &lt;div
        class=&quot;text-card-foreground overflow-hidden border-0 shadow-2xl bg-white/90 backdrop-blur-sm rounded-2xl&quot;
      &gt;
        &lt;div
          class=&quot;p-6 pt-0 grid md:grid-cols-2 gap-0 !p-0&quot;
        &gt;
          &lt;div
            class=&quot;p-8 flex flex-col justify-center bg-slate-50/80&quot;
          &gt;
            &lt;div
              class=&quot;max-w-sm mx-auto w-full space-y-6&quot;
            &gt;
              &lt;div
                class=&quot;text-center space-y-2&quot;
              &gt;
                &lt;h1
                  class=&quot;text-3xl font-medium text-slate-900&quot;
                &gt;
                  Dive into learning
                &lt;/h1&gt;
                &lt;p
                  class=&quot;text-slate-600&quot;
                &gt;
                  Sign in to your YesYes account
                &lt;/p&gt;
              &lt;/div&gt;
              &lt;div
                class=&quot;relative w-full rounded-lg border p-4 [&amp;&gt;svg~*]:pl-7 [&amp;&gt;svg+div]:translate-y-[-3px] [&amp;&gt;svg]:absolute [&amp;&gt;svg]:left-4 [&amp;&gt;svg]:top-4 border-destructive/50 text-destructive dark:border-destructive [&amp;&gt;svg]:text-destructive&quot;
                role=&quot;alert&quot;
              &gt;
                &lt;div
                  class=&quot;text-sm [&amp;_p]:leading-relaxed&quot;
                &gt;
                  Cannot read properties of undefined (reading &apos;data&apos;)
                &lt;/div&gt;
              &lt;/div&gt;
              &lt;form
                class=&quot;space-y-6&quot;
              &gt;
                &lt;div
                  class=&quot;space-y-2&quot;
                &gt;
                  &lt;label
                    class=&quot;font-medium peer-disabled:cursor-not-allowed peer-disabled:opacity-70 text-sm text-slate-700&quot;
                    for=&quot;email&quot;
                  &gt;
                    Email address
                  &lt;/label&gt;
                  &lt;input
                    autocomplete=&quot;off&quot;
                    class=&quot;flex w-full rounded-md shadow-sm transition-colors file:border-0 file:bg-transparent file:text-sm file:font-medium file:text-foreground placeholder:text-muted-foreground focus-visible:outline-none focus-visible:ring-1 focus-visible:ring-ring disabled:cursor-not-allowed disabled:opacity-50 md:text-sm h-11 px-3 py-2 text-base bg-white border border-slate-200 focus:border-emerald-400 focus:ring-emerald-400&quot;
                    id=&quot;email&quot;
                    name=&quot;email&quot;
                    placeholder=&quot;you@example.com&quot;
                    type=&quot;email&quot;
                  /&gt;
                &lt;/div&gt;
                &lt;div
                  class=&quot;space-y-2&quot;
                &gt;
                  &lt;div
                    class=&quot;flex items-center justify-between&quot;
                  &gt;
                    &lt;label
                      class=&quot;font-medium peer-disabled:cursor-not-allowed peer-disabled:opacity-70 text-sm text-slate-700&quot;
                      for=&quot;password&quot;
                    &gt;
                      Password
                    &lt;/label&gt;
                  &lt;/div&gt;
                  &lt;input
                    autocomplete=&quot;off&quot;
                    class=&quot;flex w-full rounded-md shadow-sm transition-colors file:border-0 file:bg-transparent file:text-sm file:font-medium file:text-foreground placeholder:text-muted-foreground focus-visible:outline-none focus-visible:ring-1 focus-visible:ring-ring disabled:cursor-not-allowed disabled:opacity-50 md:text-sm h-11 px-3 py-2 text-base bg-white border border-slate-200 focus:border-emerald-400 focus:ring-emerald-400&quot;
                    id=&quot;password&quot;
                    name=&quot;password&quot;
                    type=&quot;password&quot;
                  /&gt;
                &lt;/div&gt;
                &lt;button
                  class=&quot;inline-flex items-center justify-center gap-2 whitespace-nowrap rounded-md text-sm transition-colors focus-visible:outline-none focus-visible:ring-1 focus-visible:ring-ring disabled:pointer-events-none disabled:opacity-50 [&amp;_svg]:pointer-events-none [&amp;_svg]:size-4 [&amp;_svg]:shrink-0 shadow px-4 py-2 w-full h-11 bg-emerald-600 hover:bg-emerald-700 text-white font-medium&quot;
                  type=&quot;submit&quot;
                &gt;
                  Sign in
                &lt;/button&gt;
              &lt;/form&gt;
              &lt;div
                class=&quot;relative&quot;
              &gt;
                &lt;div
                  class=&quot;absolute inset-0 flex items-center&quot;
                &gt;
                  &lt;div
                    class=&quot;w-full border-t border-slate-200&quot;
                  /&gt;
                &lt;/div&gt;
                &lt;div
                  class=&quot;relative flex justify-center text-sm&quot;
                &gt;
                  &lt;span
                    class=&quot;px-2 bg-slate-50 text-slate-500&quot;
                  &gt;
                    Or continue with
                  &lt;/span&gt;
                &lt;/div&gt;
              &lt;/div&gt;
              &lt;div
                class=&quot;grid grid-cols-3 gap-3&quot;
              &gt;
                &lt;button
                  class=&quot;inline-flex items-center justify-center gap-2 whitespace-nowrap rounded-md text-sm font-medium transition-colors focus-visible:outline-none focus-visible:ring-1 focus-visible:ring-ring disabled:pointer-events-none disabled:opacity-50 [&amp;_svg]:pointer-events-none [&amp;_svg]:size-4 [&amp;_svg]:shrink-0 bg-white shadow-sm py-2 h-11 px-0 border border-slate-200 hover:bg-slate-50 hover:text-emerald-600&quot;
                &gt;
                  &lt;svg
                    aria-hidden=&quot;true&quot;
                    ...
    at waitForWrapper (/Users/jacobhornsvennevik/Documents/GitHub/maRepo_root/frontend/node_modules/@testing-library/react/node_modules/@testing-library/dom/dist/wait-for.js:163:27)
    at Object.&lt;anonymous&gt; (/Users/jacobhornsvennevik/Documents/GitHub/maRepo_root/frontend/src/app/(auth)/components/__tests__/LoginForm-modular.test.tsx:153:20)</failure>
    </testcase>
    <testcase classname="LoginForm › Authentication Flow" name="validates required fields" time="0.043">
    </testcase>
    <testcase classname="LoginForm › Data-Driven Authentication" name="handles valid credentials 1" time="5.166">
      <failure>Error: expect(jest.fn()).toHaveBeenCalledWith(...expected)

Expected: &quot;/token/&quot;, {&quot;email&quot;: &quot;test@example.com&quot;, &quot;password&quot;: &quot;password123&quot;}

Number of calls: 0

Ignored nodes: comments, script, style
&lt;html&gt;
  &lt;head&gt;
    &lt;link
      as=&quot;image&quot;
      imagesizes=&quot;100vw&quot;
      imagesrcset=&quot;/_next/image?url=%2Fimages%2Fseashore.jpg&amp;w=640&amp;q=75 640w, /_next/image?url=%2Fimages%2Fseashore.jpg&amp;w=750&amp;q=75 750w, /_next/image?url=%2Fimages%2Fseashore.jpg&amp;w=828&amp;q=75 828w, /_next/image?url=%2Fimages%2Fseashore.jpg&amp;w=1080&amp;q=75 1080w, /_next/image?url=%2Fimages%2Fseashore.jpg&amp;w=1200&amp;q=75 1200w, /_next/image?url=%2Fimages%2Fseashore.jpg&amp;w=1920&amp;q=75 1920w, /_next/image?url=%2Fimages%2Fseashore.jpg&amp;w=2048&amp;q=75 2048w, /_next/image?url=%2Fimages%2Fseashore.jpg&amp;w=3840&amp;q=75 3840w&quot;
      rel=&quot;preload&quot;
    /&gt;
  &lt;/head&gt;
  &lt;body&gt;
    &lt;div&gt;
      &lt;div
        class=&quot;flex flex-col gap-6&quot;
        data-testid=&quot;login-form&quot;
      &gt;
        &lt;div
          class=&quot;text-card-foreground overflow-hidden border-0 shadow-2xl bg-white/90 backdrop-blur-sm rounded-2xl&quot;
        &gt;
          &lt;div
            class=&quot;p-6 pt-0 grid md:grid-cols-2 gap-0 !p-0&quot;
          &gt;
            &lt;div
              class=&quot;p-8 flex flex-col justify-center bg-slate-50/80&quot;
            &gt;
              &lt;div
                class=&quot;max-w-sm mx-auto w-full space-y-6&quot;
              &gt;
                &lt;div
                  class=&quot;text-center space-y-2&quot;
                &gt;
                  &lt;h1
                    class=&quot;text-3xl font-medium text-slate-900&quot;
                  &gt;
                    Dive into learning
                  &lt;/h1&gt;
                  &lt;p
                    class=&quot;text-slate-600&quot;
                  &gt;
                    Sign in to your YesYes account
                  &lt;/p&gt;
                &lt;/div&gt;
                &lt;div
                  class=&quot;relative w-full rounded-lg border p-4 [&amp;&gt;svg~*]:pl-7 [&amp;&gt;svg+div]:translate-y-[-3px] [&amp;&gt;svg]:absolute [&amp;&gt;svg]:left-4 [&amp;&gt;svg]:top-4 border-destructive/50 text-destructive dark:border-destructive [&amp;&gt;svg]:text-destructive&quot;
                  role=&quot;alert&quot;
                &gt;
                  &lt;div
                    class=&quot;text-sm [&amp;_p]:leading-relaxed&quot;
                  &gt;
                    Cannot read properties of undefined (reading &apos;data&apos;)
                  &lt;/div&gt;
                &lt;/div&gt;
                &lt;form
                  class=&quot;space-y-6&quot;
                &gt;
                  &lt;div
                    class=&quot;space-y-2&quot;
                  &gt;
                    &lt;label
                      class=&quot;font-medium peer-disabled:cursor-not-allowed peer-disabled:opacity-70 text-sm text-slate-700&quot;
                      for=&quot;email&quot;
                    &gt;
                      Email address
                    &lt;/label&gt;
                    &lt;input
                      autocomplete=&quot;off&quot;
                      class=&quot;flex w-full rounded-md shadow-sm transition-colors file:border-0 file:bg-transparent file:text-sm file:font-medium file:text-foreground placeholder:text-muted-foreground focus-visible:outline-none focus-visible:ring-1 focus-visible:ring-ring disabled:cursor-not-allowed disabled:opacity-50 md:text-sm h-11 px-3 py-2 text-base bg-white border border-slate-200 focus:border-emerald-400 focus:ring-emerald-400&quot;
                      id=&quot;email&quot;
                      name=&quot;email&quot;
                      placeholder=&quot;you@example.com&quot;
                      type=&quot;email&quot;
                    /&gt;
                  &lt;/div&gt;
                  &lt;div
                    class=&quot;space-y-2&quot;
                  &gt;
                    &lt;div
                      class=&quot;flex items-center justify-between&quot;
                    &gt;
                      &lt;label
                        class=&quot;font-medium peer-disabled:cursor-not-allowed peer-disabled:opacity-70 text-sm text-slate-700&quot;
                        for=&quot;password&quot;
                      &gt;
                        Password
                      &lt;/label&gt;
                    &lt;/div&gt;
                    &lt;input
                      autocomplete=&quot;off&quot;
                      class=&quot;flex w-full rounded-md shadow-sm transition-colors file:border-0 file:bg-transparent file:text-sm file:font-medium file:text-foreground placeholder:text-muted-foreground focus-visible:outline-none focus-visible:ring-1 focus-visible:ring-ring disabled:cursor-not-allowed disabled:opacity-50 md:text-sm h-11 px-3 py-2 text-base bg-white border border-slate-200 focus:border-emerald-400 focus:ring-emerald-400&quot;
                      id=&quot;password&quot;
                      name=&quot;password&quot;
                      type=&quot;password&quot;
                    /&gt;
                  &lt;/div&gt;
                  &lt;button
                    class=&quot;inline-flex items-center justify-center gap-2 whitespace-nowrap rounded-md text-sm transition-colors focus-visible:outline-none focus-visible:ring-1 focus-visible:ring-ring disabled:pointer-events-none disabled:opacity-50 [&amp;_svg]:pointer-events-none [&amp;_svg]:size-4 [&amp;_svg]:shrink-0 shadow px-4 py-2 w-full h-11 bg-emerald-600 hover:bg-emerald-700 text-white font-medium&quot;
                    type=&quot;submit&quot;
                  &gt;
                    Sign in
                  &lt;/button&gt;
                &lt;/form&gt;
                &lt;div
                  class=&quot;relative&quot;
                &gt;
                  &lt;div
                    class=&quot;absolute inset-0 flex items-center&quot;
                  &gt;
                    &lt;div
                      class=&quot;w-full border-t border-slate-200&quot;
                    /&gt;
                  &lt;/div&gt;
                  &lt;div
                    class=&quot;relative flex justify-center text-sm&quot;
                  &gt;
                    &lt;span
                      class=&quot;px-...
    at toHaveBeenCalledWith (/Users/jacobhornsvennevik/Documents/GitHub/maRepo_root/frontend/src/app/(auth)/components/__tests__/LoginForm-modular.test.tsx:214:38)
    at runWithExpensiveErrorDiagnosticsDisabled (/Users/jacobhornsvennevik/Documents/GitHub/maRepo_root/frontend/node_modules/@testing-library/react/node_modules/@testing-library/dom/dist/config.js:47:12)
    at checkCallback (/Users/jacobhornsvennevik/Documents/GitHub/maRepo_root/frontend/node_modules/@testing-library/react/node_modules/@testing-library/dom/dist/wait-for.js:124:77)
    at checkRealTimersCallback (/Users/jacobhornsvennevik/Documents/GitHub/maRepo_root/frontend/node_modules/@testing-library/react/node_modules/@testing-library/dom/dist/wait-for.js:118:16)
    at Timeout.task [as _onTimeout] (/Users/jacobhornsvennevik/Documents/GitHub/maRepo_root/frontend/node_modules/jsdom/lib/jsdom/browser/Window.js:520:19)
    at listOnTimeout (node:internal/timers:608:17)
    at processTimers (node:internal/timers:543:7)</failure>
    </testcase>
    <testcase classname="LoginForm › Data-Driven Authentication" name="handles valid credentials 2" time="5.136">
      <failure>Error: expect(jest.fn()).toHaveBeenCalledWith(...expected)

Expected: &quot;/token/&quot;, {&quot;email&quot;: &quot;user@domain.org&quot;, &quot;password&quot;: &quot;securepass456&quot;}

Number of calls: 0

Ignored nodes: comments, script, style
&lt;html&gt;
  &lt;head&gt;
    &lt;link
      as=&quot;image&quot;
      imagesizes=&quot;100vw&quot;
      imagesrcset=&quot;/_next/image?url=%2Fimages%2Fseashore.jpg&amp;w=640&amp;q=75 640w, /_next/image?url=%2Fimages%2Fseashore.jpg&amp;w=750&amp;q=75 750w, /_next/image?url=%2Fimages%2Fseashore.jpg&amp;w=828&amp;q=75 828w, /_next/image?url=%2Fimages%2Fseashore.jpg&amp;w=1080&amp;q=75 1080w, /_next/image?url=%2Fimages%2Fseashore.jpg&amp;w=1200&amp;q=75 1200w, /_next/image?url=%2Fimages%2Fseashore.jpg&amp;w=1920&amp;q=75 1920w, /_next/image?url=%2Fimages%2Fseashore.jpg&amp;w=2048&amp;q=75 2048w, /_next/image?url=%2Fimages%2Fseashore.jpg&amp;w=3840&amp;q=75 3840w&quot;
      rel=&quot;preload&quot;
    /&gt;
  &lt;/head&gt;
  &lt;body&gt;
    &lt;div&gt;
      &lt;div
        class=&quot;flex flex-col gap-6&quot;
        data-testid=&quot;login-form&quot;
      &gt;
        &lt;div
          class=&quot;text-card-foreground overflow-hidden border-0 shadow-2xl bg-white/90 backdrop-blur-sm rounded-2xl&quot;
        &gt;
          &lt;div
            class=&quot;p-6 pt-0 grid md:grid-cols-2 gap-0 !p-0&quot;
          &gt;
            &lt;div
              class=&quot;p-8 flex flex-col justify-center bg-slate-50/80&quot;
            &gt;
              &lt;div
                class=&quot;max-w-sm mx-auto w-full space-y-6&quot;
              &gt;
                &lt;div
                  class=&quot;text-center space-y-2&quot;
                &gt;
                  &lt;h1
                    class=&quot;text-3xl font-medium text-slate-900&quot;
                  &gt;
                    Dive into learning
                  &lt;/h1&gt;
                  &lt;p
                    class=&quot;text-slate-600&quot;
                  &gt;
                    Sign in to your YesYes account
                  &lt;/p&gt;
                &lt;/div&gt;
                &lt;div
                  class=&quot;relative w-full rounded-lg border p-4 [&amp;&gt;svg~*]:pl-7 [&amp;&gt;svg+div]:translate-y-[-3px] [&amp;&gt;svg]:absolute [&amp;&gt;svg]:left-4 [&amp;&gt;svg]:top-4 border-destructive/50 text-destructive dark:border-destructive [&amp;&gt;svg]:text-destructive&quot;
                  role=&quot;alert&quot;
                &gt;
                  &lt;div
                    class=&quot;text-sm [&amp;_p]:leading-relaxed&quot;
                  &gt;
                    Cannot read properties of undefined (reading &apos;data&apos;)
                  &lt;/div&gt;
                &lt;/div&gt;
                &lt;form
                  class=&quot;space-y-6&quot;
                &gt;
                  &lt;div
                    class=&quot;space-y-2&quot;
                  &gt;
                    &lt;label
                      class=&quot;font-medium peer-disabled:cursor-not-allowed peer-disabled:opacity-70 text-sm text-slate-700&quot;
                      for=&quot;email&quot;
                    &gt;
                      Email address
                    &lt;/label&gt;
                    &lt;input
                      autocomplete=&quot;off&quot;
                      class=&quot;flex w-full rounded-md shadow-sm transition-colors file:border-0 file:bg-transparent file:text-sm file:font-medium file:text-foreground placeholder:text-muted-foreground focus-visible:outline-none focus-visible:ring-1 focus-visible:ring-ring disabled:cursor-not-allowed disabled:opacity-50 md:text-sm h-11 px-3 py-2 text-base bg-white border border-slate-200 focus:border-emerald-400 focus:ring-emerald-400&quot;
                      id=&quot;email&quot;
                      name=&quot;email&quot;
                      placeholder=&quot;you@example.com&quot;
                      type=&quot;email&quot;
                    /&gt;
                  &lt;/div&gt;
                  &lt;div
                    class=&quot;space-y-2&quot;
                  &gt;
                    &lt;div
                      class=&quot;flex items-center justify-between&quot;
                    &gt;
                      &lt;label
                        class=&quot;font-medium peer-disabled:cursor-not-allowed peer-disabled:opacity-70 text-sm text-slate-700&quot;
                        for=&quot;password&quot;
                      &gt;
                        Password
                      &lt;/label&gt;
                    &lt;/div&gt;
                    &lt;input
                      autocomplete=&quot;off&quot;
                      class=&quot;flex w-full rounded-md shadow-sm transition-colors file:border-0 file:bg-transparent file:text-sm file:font-medium file:text-foreground placeholder:text-muted-foreground focus-visible:outline-none focus-visible:ring-1 focus-visible:ring-ring disabled:cursor-not-allowed disabled:opacity-50 md:text-sm h-11 px-3 py-2 text-base bg-white border border-slate-200 focus:border-emerald-400 focus:ring-emerald-400&quot;
                      id=&quot;password&quot;
                      name=&quot;password&quot;
                      type=&quot;password&quot;
                    /&gt;
                  &lt;/div&gt;
                  &lt;button
                    class=&quot;inline-flex items-center justify-center gap-2 whitespace-nowrap rounded-md text-sm transition-colors focus-visible:outline-none focus-visible:ring-1 focus-visible:ring-ring disabled:pointer-events-none disabled:opacity-50 [&amp;_svg]:pointer-events-none [&amp;_svg]:size-4 [&amp;_svg]:shrink-0 shadow px-4 py-2 w-full h-11 bg-emerald-600 hover:bg-emerald-700 text-white font-medium&quot;
                    type=&quot;submit&quot;
                  &gt;
                    Sign in
                  &lt;/button&gt;
                &lt;/form&gt;
                &lt;div
                  class=&quot;relative&quot;
                &gt;
                  &lt;div
                    class=&quot;absolute inset-0 flex items-center&quot;
                  &gt;
                    &lt;div
                      class=&quot;w-full border-t border-slate-200&quot;
                    /&gt;
                  &lt;/div&gt;
                  &lt;div
                    class=&quot;relative flex justify-center text-sm&quot;
                  &gt;
                    &lt;span
                      class=&quot;px-...
    at toHaveBeenCalledWith (/Users/jacobhornsvennevik/Documents/GitHub/maRepo_root/frontend/src/app/(auth)/components/__tests__/LoginForm-modular.test.tsx:214:38)
    at runWithExpensiveErrorDiagnosticsDisabled (/Users/jacobhornsvennevik/Documents/GitHub/maRepo_root/frontend/node_modules/@testing-library/react/node_modules/@testing-library/dom/dist/config.js:47:12)
    at checkCallback (/Users/jacobhornsvennevik/Documents/GitHub/maRepo_root/frontend/node_modules/@testing-library/react/node_modules/@testing-library/dom/dist/wait-for.js:124:77)
    at checkRealTimersCallback (/Users/jacobhornsvennevik/Documents/GitHub/maRepo_root/frontend/node_modules/@testing-library/react/node_modules/@testing-library/dom/dist/wait-for.js:118:16)
    at Timeout.task [as _onTimeout] (/Users/jacobhornsvennevik/Documents/GitHub/maRepo_root/frontend/node_modules/jsdom/lib/jsdom/browser/Window.js:520:19)
    at listOnTimeout (node:internal/timers:608:17)
    at processTimers (node:internal/timers:543:7)</failure>
    </testcase>
    <testcase classname="LoginForm › Data-Driven Authentication" name="handles valid credentials 3" time="5.141">
      <failure>Error: expect(jest.fn()).toHaveBeenCalledWith(...expected)

Expected: &quot;/token/&quot;, {&quot;email&quot;: &quot;admin@company.com&quot;, &quot;password&quot;: &quot;adminpass789&quot;}

Number of calls: 0

Ignored nodes: comments, script, style
&lt;html&gt;
  &lt;head&gt;
    &lt;link
      as=&quot;image&quot;
      imagesizes=&quot;100vw&quot;
      imagesrcset=&quot;/_next/image?url=%2Fimages%2Fseashore.jpg&amp;w=640&amp;q=75 640w, /_next/image?url=%2Fimages%2Fseashore.jpg&amp;w=750&amp;q=75 750w, /_next/image?url=%2Fimages%2Fseashore.jpg&amp;w=828&amp;q=75 828w, /_next/image?url=%2Fimages%2Fseashore.jpg&amp;w=1080&amp;q=75 1080w, /_next/image?url=%2Fimages%2Fseashore.jpg&amp;w=1200&amp;q=75 1200w, /_next/image?url=%2Fimages%2Fseashore.jpg&amp;w=1920&amp;q=75 1920w, /_next/image?url=%2Fimages%2Fseashore.jpg&amp;w=2048&amp;q=75 2048w, /_next/image?url=%2Fimages%2Fseashore.jpg&amp;w=3840&amp;q=75 3840w&quot;
      rel=&quot;preload&quot;
    /&gt;
  &lt;/head&gt;
  &lt;body&gt;
    &lt;div&gt;
      &lt;div
        class=&quot;flex flex-col gap-6&quot;
        data-testid=&quot;login-form&quot;
      &gt;
        &lt;div
          class=&quot;text-card-foreground overflow-hidden border-0 shadow-2xl bg-white/90 backdrop-blur-sm rounded-2xl&quot;
        &gt;
          &lt;div
            class=&quot;p-6 pt-0 grid md:grid-cols-2 gap-0 !p-0&quot;
          &gt;
            &lt;div
              class=&quot;p-8 flex flex-col justify-center bg-slate-50/80&quot;
            &gt;
              &lt;div
                class=&quot;max-w-sm mx-auto w-full space-y-6&quot;
              &gt;
                &lt;div
                  class=&quot;text-center space-y-2&quot;
                &gt;
                  &lt;h1
                    class=&quot;text-3xl font-medium text-slate-900&quot;
                  &gt;
                    Dive into learning
                  &lt;/h1&gt;
                  &lt;p
                    class=&quot;text-slate-600&quot;
                  &gt;
                    Sign in to your YesYes account
                  &lt;/p&gt;
                &lt;/div&gt;
                &lt;div
                  class=&quot;relative w-full rounded-lg border p-4 [&amp;&gt;svg~*]:pl-7 [&amp;&gt;svg+div]:translate-y-[-3px] [&amp;&gt;svg]:absolute [&amp;&gt;svg]:left-4 [&amp;&gt;svg]:top-4 border-destructive/50 text-destructive dark:border-destructive [&amp;&gt;svg]:text-destructive&quot;
                  role=&quot;alert&quot;
                &gt;
                  &lt;div
                    class=&quot;text-sm [&amp;_p]:leading-relaxed&quot;
                  &gt;
                    Cannot read properties of undefined (reading &apos;data&apos;)
                  &lt;/div&gt;
                &lt;/div&gt;
                &lt;form
                  class=&quot;space-y-6&quot;
                &gt;
                  &lt;div
                    class=&quot;space-y-2&quot;
                  &gt;
                    &lt;label
                      class=&quot;font-medium peer-disabled:cursor-not-allowed peer-disabled:opacity-70 text-sm text-slate-700&quot;
                      for=&quot;email&quot;
                    &gt;
                      Email address
                    &lt;/label&gt;
                    &lt;input
                      autocomplete=&quot;off&quot;
                      class=&quot;flex w-full rounded-md shadow-sm transition-colors file:border-0 file:bg-transparent file:text-sm file:font-medium file:text-foreground placeholder:text-muted-foreground focus-visible:outline-none focus-visible:ring-1 focus-visible:ring-ring disabled:cursor-not-allowed disabled:opacity-50 md:text-sm h-11 px-3 py-2 text-base bg-white border border-slate-200 focus:border-emerald-400 focus:ring-emerald-400&quot;
                      id=&quot;email&quot;
                      name=&quot;email&quot;
                      placeholder=&quot;you@example.com&quot;
                      type=&quot;email&quot;
                    /&gt;
                  &lt;/div&gt;
                  &lt;div
                    class=&quot;space-y-2&quot;
                  &gt;
                    &lt;div
                      class=&quot;flex items-center justify-between&quot;
                    &gt;
                      &lt;label
                        class=&quot;font-medium peer-disabled:cursor-not-allowed peer-disabled:opacity-70 text-sm text-slate-700&quot;
                        for=&quot;password&quot;
                      &gt;
                        Password
                      &lt;/label&gt;
                    &lt;/div&gt;
                    &lt;input
                      autocomplete=&quot;off&quot;
                      class=&quot;flex w-full rounded-md shadow-sm transition-colors file:border-0 file:bg-transparent file:text-sm file:font-medium file:text-foreground placeholder:text-muted-foreground focus-visible:outline-none focus-visible:ring-1 focus-visible:ring-ring disabled:cursor-not-allowed disabled:opacity-50 md:text-sm h-11 px-3 py-2 text-base bg-white border border-slate-200 focus:border-emerald-400 focus:ring-emerald-400&quot;
                      id=&quot;password&quot;
                      name=&quot;password&quot;
                      type=&quot;password&quot;
                    /&gt;
                  &lt;/div&gt;
                  &lt;button
                    class=&quot;inline-flex items-center justify-center gap-2 whitespace-nowrap rounded-md text-sm transition-colors focus-visible:outline-none focus-visible:ring-1 focus-visible:ring-ring disabled:pointer-events-none disabled:opacity-50 [&amp;_svg]:pointer-events-none [&amp;_svg]:size-4 [&amp;_svg]:shrink-0 shadow px-4 py-2 w-full h-11 bg-emerald-600 hover:bg-emerald-700 text-white font-medium&quot;
                    type=&quot;submit&quot;
                  &gt;
                    Sign in
                  &lt;/button&gt;
                &lt;/form&gt;
                &lt;div
                  class=&quot;relative&quot;
                &gt;
                  &lt;div
                    class=&quot;absolute inset-0 flex items-center&quot;
                  &gt;
                    &lt;div
                      class=&quot;w-full border-t border-slate-200&quot;
                    /&gt;
                  &lt;/div&gt;
                  &lt;div
                    class=&quot;relative flex justify-center text-sm&quot;
                  &gt;
                    &lt;span
                      class=&quot;px-...
    at toHaveBeenCalledWith (/Users/jacobhornsvennevik/Documents/GitHub/maRepo_root/frontend/src/app/(auth)/components/__tests__/LoginForm-modular.test.tsx:214:38)
    at runWithExpensiveErrorDiagnosticsDisabled (/Users/jacobhornsvennevik/Documents/GitHub/maRepo_root/frontend/node_modules/@testing-library/react/node_modules/@testing-library/dom/dist/config.js:47:12)
    at checkCallback (/Users/jacobhornsvennevik/Documents/GitHub/maRepo_root/frontend/node_modules/@testing-library/react/node_modules/@testing-library/dom/dist/wait-for.js:124:77)
    at checkRealTimersCallback (/Users/jacobhornsvennevik/Documents/GitHub/maRepo_root/frontend/node_modules/@testing-library/react/node_modules/@testing-library/dom/dist/wait-for.js:118:16)
    at Timeout.task [as _onTimeout] (/Users/jacobhornsvennevik/Documents/GitHub/maRepo_root/frontend/node_modules/jsdom/lib/jsdom/browser/Window.js:520:19)
    at listOnTimeout (node:internal/timers:608:17)
    at processTimers (node:internal/timers:543:7)</failure>
    </testcase>
    <testcase classname="LoginForm › Accessibility" name="has proper ARIA labels and roles" time="0.037">
    </testcase>
    <testcase classname="LoginForm › Accessibility" name="supports keyboard navigation" time="0.047">
    </testcase>
    <testcase classname="LoginForm › Performance" name="renders within acceptable time" time="0.006">
    </testcase>
    <testcase classname="LoginForm › Performance" name="handles login efficiently" time="1.111">
      <failure>Error: expect(jest.fn()).toHaveBeenCalled()

Expected number of calls: &gt;= 1
Received number of calls:    0

Ignored nodes: comments, script, style
&lt;html&gt;
  &lt;head&gt;
    &lt;link
      as=&quot;image&quot;
      imagesizes=&quot;100vw&quot;
      imagesrcset=&quot;/_next/image?url=%2Fimages%2Fseashore.jpg&amp;w=640&amp;q=75 640w, /_next/image?url=%2Fimages%2Fseashore.jpg&amp;w=750&amp;q=75 750w, /_next/image?url=%2Fimages%2Fseashore.jpg&amp;w=828&amp;q=75 828w, /_next/image?url=%2Fimages%2Fseashore.jpg&amp;w=1080&amp;q=75 1080w, /_next/image?url=%2Fimages%2Fseashore.jpg&amp;w=1200&amp;q=75 1200w, /_next/image?url=%2Fimages%2Fseashore.jpg&amp;w=1920&amp;q=75 1920w, /_next/image?url=%2Fimages%2Fseashore.jpg&amp;w=2048&amp;q=75 2048w, /_next/image?url=%2Fimages%2Fseashore.jpg&amp;w=3840&amp;q=75 3840w&quot;
      rel=&quot;preload&quot;
    /&gt;
  &lt;/head&gt;
  &lt;body&gt;
    &lt;div&gt;
      &lt;div
        class=&quot;flex flex-col gap-6&quot;
        data-testid=&quot;login-form&quot;
      &gt;
        &lt;div
          class=&quot;text-card-foreground overflow-hidden border-0 shadow-2xl bg-white/90 backdrop-blur-sm rounded-2xl&quot;
        &gt;
          &lt;div
            class=&quot;p-6 pt-0 grid md:grid-cols-2 gap-0 !p-0&quot;
          &gt;
            &lt;div
              class=&quot;p-8 flex flex-col justify-center bg-slate-50/80&quot;
            &gt;
              &lt;div
                class=&quot;max-w-sm mx-auto w-full space-y-6&quot;
              &gt;
                &lt;div
                  class=&quot;text-center space-y-2&quot;
                &gt;
                  &lt;h1
                    class=&quot;text-3xl font-medium text-slate-900&quot;
                  &gt;
                    Dive into learning
                  &lt;/h1&gt;
                  &lt;p
                    class=&quot;text-slate-600&quot;
                  &gt;
                    Sign in to your YesYes account
                  &lt;/p&gt;
                &lt;/div&gt;
                &lt;div
                  class=&quot;relative w-full rounded-lg border p-4 [&amp;&gt;svg~*]:pl-7 [&amp;&gt;svg+div]:translate-y-[-3px] [&amp;&gt;svg]:absolute [&amp;&gt;svg]:left-4 [&amp;&gt;svg]:top-4 border-destructive/50 text-destructive dark:border-destructive [&amp;&gt;svg]:text-destructive&quot;
                  role=&quot;alert&quot;
                &gt;
                  &lt;div
                    class=&quot;text-sm [&amp;_p]:leading-relaxed&quot;
                  &gt;
                    Cannot read properties of undefined (reading &apos;data&apos;)
                  &lt;/div&gt;
                &lt;/div&gt;
                &lt;form
                  class=&quot;space-y-6&quot;
                &gt;
                  &lt;div
                    class=&quot;space-y-2&quot;
                  &gt;
                    &lt;label
                      class=&quot;font-medium peer-disabled:cursor-not-allowed peer-disabled:opacity-70 text-sm text-slate-700&quot;
                      for=&quot;email&quot;
                    &gt;
                      Email address
                    &lt;/label&gt;
                    &lt;input
                      autocomplete=&quot;off&quot;
                      class=&quot;flex w-full rounded-md shadow-sm transition-colors file:border-0 file:bg-transparent file:text-sm file:font-medium file:text-foreground placeholder:text-muted-foreground focus-visible:outline-none focus-visible:ring-1 focus-visible:ring-ring disabled:cursor-not-allowed disabled:opacity-50 md:text-sm h-11 px-3 py-2 text-base bg-white border border-slate-200 focus:border-emerald-400 focus:ring-emerald-400&quot;
                      id=&quot;email&quot;
                      name=&quot;email&quot;
                      placeholder=&quot;you@example.com&quot;
                      type=&quot;email&quot;
                    /&gt;
                  &lt;/div&gt;
                  &lt;div
                    class=&quot;space-y-2&quot;
                  &gt;
                    &lt;div
                      class=&quot;flex items-center justify-between&quot;
                    &gt;
                      &lt;label
                        class=&quot;font-medium peer-disabled:cursor-not-allowed peer-disabled:opacity-70 text-sm text-slate-700&quot;
                        for=&quot;password&quot;
                      &gt;
                        Password
                      &lt;/label&gt;
                    &lt;/div&gt;
                    &lt;input
                      autocomplete=&quot;off&quot;
                      class=&quot;flex w-full rounded-md shadow-sm transition-colors file:border-0 file:bg-transparent file:text-sm file:font-medium file:text-foreground placeholder:text-muted-foreground focus-visible:outline-none focus-visible:ring-1 focus-visible:ring-ring disabled:cursor-not-allowed disabled:opacity-50 md:text-sm h-11 px-3 py-2 text-base bg-white border border-slate-200 focus:border-emerald-400 focus:ring-emerald-400&quot;
                      id=&quot;password&quot;
                      name=&quot;password&quot;
                      type=&quot;password&quot;
                    /&gt;
                  &lt;/div&gt;
                  &lt;button
                    class=&quot;inline-flex items-center justify-center gap-2 whitespace-nowrap rounded-md text-sm transition-colors focus-visible:outline-none focus-visible:ring-1 focus-visible:ring-ring disabled:pointer-events-none disabled:opacity-50 [&amp;_svg]:pointer-events-none [&amp;_svg]:size-4 [&amp;_svg]:shrink-0 shadow px-4 py-2 w-full h-11 bg-emerald-600 hover:bg-emerald-700 text-white font-medium&quot;
                    type=&quot;submit&quot;
                  &gt;
                    Sign in
                  &lt;/button&gt;
                &lt;/form&gt;
                &lt;div
                  class=&quot;relative&quot;
                &gt;
                  &lt;div
                    class=&quot;absolute inset-0 flex items-center&quot;
                  &gt;
                    &lt;div
                      class=&quot;w-full border-t border-slate-200&quot;
                    /&gt;
                  &lt;/div&gt;
                  &lt;div
                    class=&quot;relative flex justify-center text-sm&quot;
                  &gt;
                    &lt;span
                      class=&quot;px-...
    at toHaveBeenCalled (/Users/jacobhornsvennevik/Documents/GitHub/maRepo_root/frontend/src/app/(auth)/components/__tests__/LoginForm-modular.test.tsx:295:36)
    at runWithExpensiveErrorDiagnosticsDisabled (/Users/jacobhornsvennevik/Documents/GitHub/maRepo_root/frontend/node_modules/@testing-library/react/node_modules/@testing-library/dom/dist/config.js:47:12)
    at checkCallback (/Users/jacobhornsvennevik/Documents/GitHub/maRepo_root/frontend/node_modules/@testing-library/react/node_modules/@testing-library/dom/dist/wait-for.js:124:77)
    at checkRealTimersCallback (/Users/jacobhornsvennevik/Documents/GitHub/maRepo_root/frontend/node_modules/@testing-library/react/node_modules/@testing-library/dom/dist/wait-for.js:118:16)
    at Timeout.task [as _onTimeout] (/Users/jacobhornsvennevik/Documents/GitHub/maRepo_root/frontend/node_modules/jsdom/lib/jsdom/browser/Window.js:520:19)
    at listOnTimeout (node:internal/timers:608:17)
    at processTimers (node:internal/timers:543:7)</failure>
    </testcase>
  </testsuite>
</testsuites>