<?xml version="1.0" encoding="UTF-8"?>
<testsuites name="jest tests" tests="3" failures="0" errors="0" time="6.135">
  <testsuite name="Application Health Checks" errors="0" failures="0" skipped="0" timestamp="2025-09-19T07:58:02" time="1.811" tests="3">
    <testcase classname="Application Health Checks" name="backend should be running and accessible" time="0.003">
    </testcase>
    <testcase classname="Application Health Checks" name="generation API should be available" time="0.001">
    </testcase>
    <testcase classname="Application Health Checks" name="all required services should be running" time="0.004">
    </testcase>
  </testsuite>
</testsuites>