<?xml version="1.0" encoding="UTF-8"?>
<testsuites name="jest tests" tests="2" failures="0" errors="0" time="4.155">
  <testsuite name="CreateFlashcardSetWizard - Generation" errors="0" failures="0" skipped="0" timestamp="2025-09-18T06:43:18" time="1.958" tests="2">
    <testcase classname="CreateFlashcardSetWizard - Generation" name="posts to generation endpoint with X-Test-Mode header in test mode" time="0.34">
    </testcase>
    <testcase classname="CreateFlashcardSetWizard - Generation" name="handles generation errors gracefully" time="0.242">
    </testcase>
  </testsuite>
</testsuites>